1457447972 ageuk.org.uk ["home-and-care"]
1457448893 ageuk.org.uk ["home-and-care", "caring-for-someone-with-dementia"]
1457448893 ageuk.org.uk ["home-and-care", "caring-for-someone-with-dementia", "getting-support"]
1457448900 gp-godalming.3rdsectorit.co.uk ["housing"]
1457452959 gp-godalming.3rdsectorit.co.uk ["benefits"]
1457452962 gp-godalming.3rdsectorit.co.uk ["work"]
1457452964 gp-godalming.3rdsectorit.co.uk ["debt"]
1457453453 citizensadvice.org.uk ["tax"]
1457456431 citizensadvice.org.uk ["consumer", "buying-or-repairing-a-car", "buying-a-used-car"]
1457456492 citizensadvice.org.uk ["consumer"]
1457456645 citizensadvice.org.uk ["benefits"]
1457456656 citizensadvice.org.uk ["law-and-rights"]
1457456663 citizensadvice.org.uk ["discrimination"]
1457456863 hmrc.gov.uk []
1457456863 aka.hmrc.gov.uk ["index.htm"]
1457456863 gov.uk ["government", "organisations", "hm-revenue-customs"]
1457456867 gp-godalming.3rdsectorit.co.uk ["healthcare"]
1457523182 linuxmint.com ["start", "rebecca"]
1457523185 blog.linuxmint.com ["?p=3007"]
1457523241 gp-godalming.3rdsectorit.co.uk []
1457523256 gp-godalming.3rdsectorit.co.uk ["home"]
1457523260 gp-godalming.3rdsectorit.co.uk ["law"]
1457523297 gp-godalming.3rdsectorit.co.uk ["relationships"]
1457523335 gp-godalming.3rdsectorit.co.uk ["tax"]
1457523336 ageuk.org.uk ["money-matters", "income-and-tax"]
1457523635 ageuk.org.uk ["money-matters", "income-and-tax", "council-tax"]
1457523635 ageuk.org.uk ["money-matters", "income-and-tax", "council-tax", "what-is-council-tax"]
1457523635 ageuk.org.uk ["money-matters", "income-and-tax", "council-tax"]
1457523635 ageuk.org.uk ["money-matters", "income-and-tax", "council-tax", "what-is-council-tax"]
1457523699 gp-godalming.3rdsectorit.co.uk ["benefits"]
1457523729 turn2us.org.uk ["Your-Situation"]
